0 info it worked if it ends with ok
1 verbose cli [ '/usr/local/bin/node', '/usr/bin/npm', 'run', 'test' ]
2 info using npm@3.3.4
3 info using node@v4.0.0
4 verbose run-script [ 'pretest', 'test', 'posttest' ]
5 info lifecycle storewars@0.0.0~pretest: storewars@0.0.0
6 silly lifecycle storewars@0.0.0~pretest: no script for pretest, continuing
7 info lifecycle storewars@0.0.0~test: storewars@0.0.0
8 verbose lifecycle storewars@0.0.0~test: unsafe-perm in lifecycle true
9 verbose lifecycle storewars@0.0.0~test: PATH: /usr/lib/node_modules/npm/bin/node-gyp-bin:/home/eoin/yoyo/storewars-server/node_modules/.bin:/usr/local/sbin:/usr/local/bin:/usr/sbin:/usr/bin:/sbin:/bin:/usr/games:/usr/local/games
10 verbose lifecycle storewars@0.0.0~test: CWD: /home/eoin/yoyo/storewars-server
11 silly lifecycle storewars@0.0.0~test: Args: [ '-c', 'tape test/serverTest.js' ]
12 silly lifecycle storewars@0.0.0~test: Returned: code: 126  signal: null
13 info lifecycle storewars@0.0.0~test: Failed to exec test script
14 verbose stack Error: storewars@0.0.0 test: `tape test/serverTest.js`
14 verbose stack Exit status 126
14 verbose stack     at EventEmitter.<anonymous> (/usr/lib/node_modules/npm/lib/utils/lifecycle.js:233:16)
14 verbose stack     at emitTwo (events.js:87:13)
14 verbose stack     at EventEmitter.emit (events.js:172:7)
14 verbose stack     at ChildProcess.<anonymous> (/usr/lib/node_modules/npm/lib/utils/spawn.js:24:14)
14 verbose stack     at emitTwo (events.js:87:13)
14 verbose stack     at ChildProcess.emit (events.js:172:7)
14 verbose stack     at maybeClose (internal/child_process.js:817:16)
14 verbose stack     at Process.ChildProcess._handle.onexit (internal/child_process.js:211:5)
15 verbose pkgid storewars@0.0.0
16 verbose cwd /home/eoin/yoyo/storewars-server
17 error Linux 3.19.0-28-generic
18 error argv "/usr/local/bin/node" "/usr/bin/npm" "run" "test"
19 error node v4.0.0
20 error npm  v3.3.4
21 error code ELIFECYCLE
22 error storewars@0.0.0 test: `tape test/serverTest.js`
22 error Exit status 126
23 error Failed at the storewars@0.0.0 test script 'tape test/serverTest.js'.
23 error This is most likely a problem with the storewars package,
23 error not with npm itself.
23 error Tell the author that this fails on your system:
23 error     tape test/serverTest.js
23 error You can get their info via:
23 error     npm owner ls storewars
23 error There is likely additional logging output above.
24 verbose exit [ 1, true ]
